<?xml version="1.0" encoding="UTF-8"?>
<!-- Generated by org.testng.reporters.JUnitXMLReporter -->
<testsuite ignored="3" hostname="KT-PCLAP-050" failures="0" tests="1" name="Default test" time="46.261" errors="0" timestamp="11 Oct 2020 12:46:29 GMT">
  <testcase classname="testCases.EndToEndTestCase" name="verifyEnterVehicleDataTest" time="19.457"/>
  <testcase classname="testCases.EndToEndTestCase" name="verifyDropDownOptionsList" time="0.0">
    <ignored/>
  </testcase> <!-- verifyDropDownOptionsList -->
  <testcase classname="testCases.EndToEndTestCase" name="getTitle" time="0.0">
    <ignored/>
  </testcase> <!-- getTitle -->
  <testcase classname="testCases.EndToEndTestCase" name="insuranceCalculate_VolvoMotoro" time="0.0">
    <ignored/>
  </testcase> <!-- insuranceCalculate_VolvoMotoro -->
</testsuite> <!-- Default test -->
