<?xml version="1.0" encoding="UTF-8"?>
<!-- Generated by org.testng.reporters.JUnitXMLReporter -->
<testsuite ignored="1" hostname="KT-PCLAP-050" failures="1" tests="2" name="Test" time="276.1" errors="0" timestamp="11 Oct 2020 06:11:35 GMT">
  <testcase classname="testCases.EndToEndTestCase" name="getTitle" time="0.031"/>
  <testcase classname="testCases.EndToEndTestCase" name="verifyDropDownOptionsList" time="5.518">
    <failure type="java.lang.AssertionError" message="Lists differ at element [1]: Scooters != Scooter expected [Scooters] but found [Scooter]">
      <![CDATA[java.lang.AssertionError: Lists differ at element [1]: Scooters != Scooter expected [Scooters] but found [Scooter]
at testCases.EndToEndTestCase.verifyDropDownOptionsList(EndToEndTestCase.java:50)
... Removed 30 stack frames]]>
    </failure>
  </testcase> <!-- verifyDropDownOptionsList -->
  <testcase classname="testCases.EndToEndTestCase" name="insuranceCalculate_VolvoMotoro" time="0.0">
    <ignored/>
  </testcase> <!-- insuranceCalculate_VolvoMotoro -->
</testsuite> <!-- Test -->
