<?xml version="1.0" encoding="UTF-8"?>
<testng-results ignored="3" total="4" passed="1" failed="0" skipped="0">
  <reporter-output>
  </reporter-output>
  <suite started-at="2020-10-11T12:45:43Z" name="Default suite" finished-at="2020-10-11T12:46:29Z" duration-ms="46261">
    <groups>
    </groups>
    <test started-at="2020-10-11T12:45:43Z" name="Default test" finished-at="2020-10-11T12:46:29Z" duration-ms="46261">
      <class name="testCases.EndToEndTestCase">
        <test-method is-config="true" signature="setUp()[pri:0, instance:testCases.EndToEndTestCase@4fe767f3]" started-at="2020-10-11T12:45:43Z" name="setUp" finished-at="2020-10-11T12:46:10Z" duration-ms="26739" status="PASS">
          <reporter-output>
          </reporter-output>
        </test-method> <!-- setUp -->
        <test-method signature="verifyEnterVehicleDataTest()[pri:0, instance:testCases.EndToEndTestCase@4fe767f3]" started-at="2020-10-11T12:46:10Z" name="verifyEnterVehicleDataTest" finished-at="2020-10-11T12:46:29Z" duration-ms="19457" status="PASS">
          <reporter-output>
          </reporter-output>
        </test-method> <!-- verifyEnterVehicleDataTest -->
        <test-method is-config="true" signature="tearDown()[pri:0, instance:testCases.EndToEndTestCase@4fe767f3]" started-at="2020-10-11T12:46:29Z" name="tearDown" finished-at="2020-10-11T12:46:29Z" duration-ms="1" status="PASS">
          <reporter-output>
          </reporter-output>
        </test-method> <!-- tearDown -->
      </class> <!-- testCases.EndToEndTestCase -->
    </test> <!-- Default test -->
  </suite> <!-- Default suite -->
</testng-results>
